<?xml version="1.0" encoding="UTF-8"?>
<!-- Generated by org.testng.reporters.JUnitXMLReporter -->
<testsuite hostname="amits-MacBook-Pro.local" name="functTest" tests="5" failures="4" timestamp="10 Jul 2016 01:23:58 GMT" time="6.149" errors="0">
  <testcase name="Action1" time="1.479" classname="com.test.HomePageTest">
    <failure type="java.lang.ClassCastException" message="com.util.pageDriver cannot be cast to org.openqa.selenium.interactions.HasInputDevices">
      <![CDATA[java.lang.ClassCastException: com.util.pageDriver cannot be cast to org.openqa.selenium.interactions.HasInputDevices
	at org.openqa.selenium.interactions.Actions.<init>(Actions.java:44)
	at com.page.HomePage.actions1(HomePage.java:51)
	at com.test.HomePageTest.Action1(HomePageTest.java:39)
... Removed 25 stack frames]]>
    </failure>
  </testcase> <!-- Action1 -->
  <testcase name="Testsociallinks" time="0.097" classname="com.test.HomePageTest"/>
  <testcase name="loginlink" time="1.494" classname="com.test.HomePageTest">
    <failure type="java.lang.AssertionError" message="expected [https://signin.ebay.com/ws/eBayISAPI.dll?SignIn&amp;amp;ru=http%3A%2F%2Fwww.ebay.com%2F] but found [https://signin.ebay.com/ws/eBayISAPI.dll?SignIn&amp;amp;ru=]">
      <![CDATA[java.lang.AssertionError: expected [https://signin.ebay.com/ws/eBayISAPI.dll?SignIn&ru=http%3A%2F%2Fwww.ebay.com%2F] but found [https://signin.ebay.com/ws/eBayISAPI.dll?SignIn&ru=]
	at com.test.HomePageTest.loginlink(HomePageTest.java:25)
... Removed 31 stack frames]]>
    </failure>
  </testcase> <!-- loginlink -->
  <testcase name="navbar1" time="0.172" classname="com.test.HomePageTest">
    <failure type="org.openqa.selenium.InvalidSelectorException" message="The given selector //a[@class=&amp;apos;rt&amp;apos; is either invalid or does not result in a WebElement. The following error occurred:
InvalidSelectorError: Unable to locate an element with the xpath expression //a[@class=&amp;apos;rt&amp;apos; because of the following error:
SyntaxError: The expression is not a legal expression.
Command duration or timeout: 132 milliseconds
For documentation on this error, please visit: http://seleniumhq.org/exceptions/invalid_selector_exception.html
Build info: version: &amp;apos;2.53.0&amp;apos;, revision: &amp;apos;35ae25b&amp;apos;, time: &amp;apos;2016-03-15 16:57:40&amp;apos;
System info: host: &amp;apos;amits-MacBook-Pro.local&amp;apos;, ip: &amp;apos;10.0.0.101&amp;apos;, os.name: &amp;apos;Mac OS X&amp;apos;, os.arch: &amp;apos;x86_64&amp;apos;, os.version: &amp;apos;10.10.3&amp;apos;, java.version: &amp;apos;1.7.0_79&amp;apos;
*** Element info: {Using=xpath, value=//a[@class=&amp;apos;rt&amp;apos;}
Session ID: 08bb817f-645b-5341-b746-838c5eded5dd
Driver info: org.openqa.selenium.firefox.FirefoxDriver
Capabilities [{platform=MAC, acceptSslCerts=true, javascriptEnabled=true, cssSelectorsEnabled=true, databaseEnabled=true, browserName=firefox, handlesAlerts=true, nativeEvents=false, webStorageEnabled=true, rotatable=false, locationContextEnabled=true, applicationCacheEnabled=true, takesScreenshot=true, version=46.0.1}]">
      <![CDATA[org.openqa.selenium.InvalidSelectorException: The given selector //a[@class='rt' is either invalid or does not result in a WebElement. The following error occurred:
InvalidSelectorError: Unable to locate an element with the xpath expression //a[@class='rt' because of the following error:
SyntaxError: The expression is not a legal expression.
Command duration or timeout: 132 milliseconds
For documentation on this error, please visit: http://seleniumhq.org/exceptions/invalid_selector_exception.html
Build info: version: '2.53.0', revision: '35ae25b', time: '2016-03-15 16:57:40'
System info: host: 'amits-MacBook-Pro.local', ip: '10.0.0.101', os.name: 'Mac OS X', os.arch: 'x86_64', os.version: '10.10.3', java.version: '1.7.0_79'
*** Element info: {Using=xpath, value=//a[@class='rt'}
Session ID: 08bb817f-645b-5341-b746-838c5eded5dd
Driver info: org.openqa.selenium.firefox.FirefoxDriver
Capabilities [{platform=MAC, acceptSslCerts=true, javascriptEnabled=true, cssSelectorsEnabled=true, databaseEnabled=true, browserName=firefox, handlesAlerts=true, nativeEvents=false, webStorageEnabled=true, rotatable=false, locationContextEnabled=true, applicationCacheEnabled=true, takesScreenshot=true, version=46.0.1}]
	at org.openqa.selenium.remote.ErrorHandler.createThrowable(ErrorHandler.java:206)
	at org.openqa.selenium.remote.ErrorHandler.throwIfResponseFailed(ErrorHandler.java:158)
	at org.openqa.selenium.remote.RemoteWebDriver.execute(RemoteWebDriver.java:678)
	at org.openqa.selenium.remote.RemoteWebDriver.findElements(RemoteWebDriver.java:388)
	at org.openqa.selenium.remote.RemoteWebDriver.findElementsByXPath(RemoteWebDriver.java:504)
	at org.openqa.selenium.By$ByXPath.findElements(By.java:356)
	at org.openqa.selenium.remote.RemoteWebDriver.findElements(RemoteWebDriver.java:351)
	at com.util.pageDriver.findElements(pageDriver.java:70)
	at com.page.HomePage.navbar(HomePage.java:41)
	at com.test.HomePageTest.navbar1(HomePageTest.java:30)
Caused by: org.openqa.selenium.InvalidSelectorException: The given selector //a[@class='rt' is either invalid or does not result in a WebElement. The following error occurred:
InvalidSelectorError: Unable to locate an element with the xpath expression //a[@class='rt' because of the following error:
SyntaxError: The expression is not a legal expression.
For documentation on this error, please visit: http://seleniumhq.org/exceptions/invalid_selector_exception.html
Build info: version: '2.53.0', revision: '35ae25b', time: '2016-03-15 16:57:40'
System info: host: 'amits-MacBook-Pro.local', ip: '10.0.0.101', os.name: 'Mac OS X', os.arch: 'x86_64', os.version: '10.10.3', java.version: '1.7.0_79'
Driver info: driver.version: unknown
	at <anonymous class>.FirefoxDriver.annotateInvalidSelectorError_(file:///var/folders/w1/zk519xfd7qzdnhzxzqxx4lnm0000gn/T/anonymous3175544878783795339webdriver-profile/extensions/fxdriver@googlecode.com/components/driver-component.js:10744)
	at <anonymous class>.FirefoxDriver.prototype.findElementsInternal_(file:///var/folders/w1/zk519xfd7qzdnhzxzqxx4lnm0000gn/T/anonymous3175544878783795339webdriver-profile/extensions/fxdriver@googlecode.com/components/driver-component.js:10802)
	at <anonymous class>.FirefoxDriver.prototype.findElements(file:///var/folders/w1/zk519xfd7qzdnhzxzqxx4lnm0000gn/T/anonymous3175544878783795339webdriver-profile/extensions/fxdriver@googlecode.com/components/driver-component.js:10806)
	at <anonymous class>.DelayedCommand.prototype.executeInternal_/h(file:///var/folders/w1/zk519xfd7qzdnhzxzqxx4lnm0000gn/T/anonymous3175544878783795339webdriver-profile/extensions/fxdriver@googlecode.com/components/command-processor.js:12661)
	at <anonymous class>.DelayedCommand.prototype.executeInternal_(file:///var/folders/w1/zk519xfd7qzdnhzxzqxx4lnm0000gn/T/anonymous3175544878783795339webdriver-profile/extensions/fxdriver@googlecode.com/components/command-processor.js:12666)
	at <anonymous class>.DelayedCommand.prototype.execute/<(file:///var/folders/w1/zk519xfd7qzdnhzxzqxx4lnm0000gn/T/anonymous3175544878783795339webdriver-profile/extensions/fxdriver@googlecode.com/components/command-processor.js:12608)
... Removed 29 stack frames]]>
    </failure>
  </testcase> <!-- navbar1 -->
  <testcase name="screenshot2" time="2.214" classname="com.test.HomePageTest">
    <failure type="java.lang.IllegalArgumentException" message="Cannot find elements when the selector is null">
      <![CDATA[java.lang.IllegalArgumentException: Cannot find elements when the selector is null
	at org.openqa.selenium.By.cssSelector(By.java:145)
	at com.util.Locators.get(Locators.java:64)
	at com.util.pageDriver.findElement(pageDriver.java:67)
	at com.page.HomePage.windowHandleEx(HomePage.java:78)
	at com.test.HomePageTest.screenshot2(HomePageTest.java:34)
... Removed 25 stack frames]]>
    </failure>
  </testcase> <!-- screenshot2 -->
</testsuite> <!-- functTest -->
